{
  "0 debug pnpm:scope": {
    "selected": 1
  },
  "1 error pnpm": {
    "errno": 1,
    "code": "ELIFECYCLE",
    "pkgid": "email-app@1.0.0",
    "stage": "start",
    "script": "node index.js",
    "pkgname": "email-app",
    "err": {
      "name": "pnpm",
      "message": "email-app@1.0.0 start: `node index.js`\nExit status 1",
      "code": "ELIFECYCLE",
      "stack": "pnpm: email-app@1.0.0 start: `node index.js`\nExit status 1\n    at EventEmitter.<anonymous> (/usr/local/Cellar/pnpm/6.32.4/libexec/lib/node_modules/pnpm/dist/pnpm.cjs:105736:20)\n    at EventEmitter.emit (node:events:527:28)\n    at ChildProcess.<anonymous> (/usr/local/Cellar/pnpm/6.32.4/libexec/lib/node_modules/pnpm/dist/pnpm.cjs:92297:18)\n    at ChildProcess.emit (node:events:527:28)\n    at maybeClose (node:internal/child_process:1090:16)\n    at Process.ChildProcess._handle.onexit (node:internal/child_process:302:5)"
    }
  },
  "2 warn pnpm:global": " Local package.json exists, but node_modules missing, did you mean to install?"
}